<?xml version="1.0" encoding="UTF-8"?>
<rss xmlns:content="http://purl.org/rss/1.0/modules/content/" xmlns:dc="http://purl.org/dc/elements/1.1/" xmlns:excerpt="http://wordpress.org/export/1.2/excerpt/" xmlns:wp="http://wordpress.org/export/1.2/" xmlns:wfw="http://wellformedweb.org/CommentAPI/" version="2.0">
    <channel>
        <title><![CDATA[TEST Cholot Site - Editierbar]]></title>
        <link>http://localhost</link>
        <description>Test ob ich Inhalte ändern kann</description>
        <pubDate>Thu, 28 Aug 2025 22:26:49 +0000</pubDate>
        <language>en-US</language>
        <wp:wxr_version>1.2</wp:wxr_version>
        <wp:base_site_url>http://localhost</wp:base_site_url>
        <wp:base_blog_url>http://localhost</wp:base_blog_url>
        <generator>https://wordpress.org/?v=6.3</generator>
        <wp:author>
            <wp:author_id>1</wp:author_id>
            <wp:author_login>admin</wp:author_login>
            <wp:author_email>admin@example.com</wp:author_email>
            <wp:author_display_name>Administrator</wp:author_display_name>
        </wp:author>
        <wp:category>
            <wp:term_id>1</wp:term_id>
            <wp:category_nicename>uncategorized</wp:category_nicename>
            <wp:category_parent/>
            <wp:cat_name>Uncategorized</wp:cat_name>
        </wp:category>
        <wp:category>
            <wp:term_id>2</wp:term_id>
            <wp:category_nicename>news</wp:category_nicename>
            <wp:category_parent/>
            <wp:cat_name>News</wp:cat_name>
        </wp:category>
        <wp:category>
            <wp:term_id>3</wp:term_id>
            <wp:category_nicename>updates</wp:category_nicename>
            <wp:category_parent/>
            <wp:cat_name>Updates</wp:cat_name>
        </wp:category>
        <wp:term>
            <wp:term_id>10</wp:term_id>
            <wp:term_taxonomy>nav_menu</wp:term_taxonomy>
            <wp:term_slug><![CDATA[main-menu]]></wp:term_slug>
            <wp:term_name><![CDATA[Main Menu]]></wp:term_name>
        </wp:term>
        <item>
            <title><![CDATA[TEST Home - Geändert]]></title>
            <link>http://localhost/test-home</link>
            <pubDate>Thu, 28 Aug 2025 22:26:49 +0000</pubDate>
            <dc:creator><![CDATA[admin]]></dc:creator>
            <guid isPermaLink="false"><![CDATA[None/?page_id=101]]></guid>
            <description/>
            <content:encoded>&lt;!-- wp:html --&gt;&lt;!-- /wp:html --&gt;</content:encoded>
            <excerpt:encoded/>
            <wp:post_id>101</wp:post_id>
            <wp:post_date>2024-08-21 14:29:21</wp:post_date>
            <wp:post_date_gmt>2024-08-21 14:29:21</wp:post_date_gmt>
            <wp:comment_status>closed</wp:comment_status>
            <wp:ping_status>closed</wp:ping_status>
            <wp:post_name><![CDATA[test-home]]></wp:post_name>
            <wp:status>publish</wp:status>
            <wp:post_parent>0</wp:post_parent>
            <wp:menu_order>0</wp:menu_order>
            <wp:post_type>page</wp:post_type>
            <wp:post_password/>
            <wp:is_sticky>0</wp:is_sticky>
            <wp:postmeta>
                <wp:meta_key>_elementor_data</wp:meta_key>
                <wp:meta_value><![CDATA[[]]]></wp:meta_value>
            </wp:postmeta>
            <wp:postmeta>
                <wp:meta_key>_elementor_edit_mode</wp:meta_key>
                <wp:meta_value><![CDATA[builder]]></wp:meta_value>
            </wp:postmeta>
            <wp:postmeta>
                <wp:meta_key>_elementor_template_type</wp:meta_key>
                <wp:meta_value><![CDATA[wp-page]]></wp:meta_value>
            </wp:postmeta>
            <wp:postmeta>
                <wp:meta_key>_wp_page_template</wp:meta_key>
                <wp:meta_value><![CDATA[elementor_canvas]]></wp:meta_value>
            </wp:postmeta>
        </item>
    </channel>
</rss>