<?xml version="1.0" encoding="UTF-8" ?>
<!-- Generated WordPress XML using Cholot Theme Generator -->
<rss version="2.0"
    xmlns:excerpt="http://wordpress.org/export/1.2/excerpt/"
    xmlns:content="http://purl.org/rss/1.0/modules/content/"
    xmlns:wfw="http://wellformedweb.org/CommentAPI/"
    xmlns:dc="http://purl.org/dc/elements/1.1/"
    xmlns:wp="http://wordpress.org/export/1.2/"
>

<channel>
    <title>Test Site</title>
    <link>http://localhost:8082</link>
    <description>Generated WordPress site</description>
    <pubDate>Thu, 28 Aug 2025 02:47:42 </pubDate>
    <language>en-US</language>
    <wp:wxr_version>1.2</wp:wxr_version>
    <wp:base_site_url>http://localhost:8082</wp:base_site_url>
    <wp:base_blog_url>http://localhost:8082</wp:base_blog_url>

    <wp:author>
        <wp:author_id>1</wp:author_id>
        <wp:author_login><![CDATA[admin]]></wp:author_login>
        <wp:author_email><![CDATA[admin@example.com]]></wp:author_email>
        <wp:author_display_name><![CDATA[Administrator]]></wp:author_display_name>
        <wp:author_first_name><![CDATA[]]></wp:author_first_name>
        <wp:author_last_name><![CDATA[]]></wp:author_last_name>
    </wp:author>

    
    <wp:category>
        <wp:term_id>1</wp:term_id>
        <wp:category_nicename><![CDATA[uncategorized]]></wp:category_nicename>
        <wp:category_parent><![CDATA[]]></wp:category_parent>
        <wp:cat_name><![CDATA[Uncategorized]]></wp:cat_name>
    </wp:category>
    
    <wp:term>
        <wp:term_id><![CDATA[2]]></wp:term_id>
        <wp:term_taxonomy><![CDATA[elementor_library_type]]></wp:term_taxonomy>
        <wp:term_slug><![CDATA[page]]></wp:term_slug>
        <wp:term_parent><![CDATA[]]></wp:term_parent>
        <wp:term_name><![CDATA[page]]></wp:term_name>
    </wp:term>
    
    <wp:term>
        <wp:term_id><![CDATA[3]]></wp:term_id>
        <wp:term_taxonomy><![CDATA[elementor_library_type]]></wp:term_taxonomy>
        <wp:term_slug><![CDATA[kit]]></wp:term_slug>
        <wp:term_parent><![CDATA[]]></wp:term_parent>
        <wp:term_name><![CDATA[kit]]></wp:term_name>
    </wp:term>
    
        <item>
        <title>Default Kit</title>
        <link>http://localhost:8082/?elementor_library=default-kit</link>
        <pubDate>Thu, 28 Aug 2025 02:47:42 +0000</pubDate>
        <dc:creator><![CDATA[admin]]></dc:creator>
        <guid isPermaLink="false">http://localhost:8082/?post_type=elementor_library&#038;p=99</guid>
        <description></description>
        <content:encoded><![CDATA[]]></content:encoded>
        <excerpt:encoded><![CDATA[]]></excerpt:encoded>
        <wp:post_id>99</wp:post_id>
        <wp:post_date><![CDATA[2025-08-28 02:47:42]]></wp:post_date>
        <wp:post_date_gmt><![CDATA[2025-08-28 02:47:42]]></wp:post_date_gmt>
        <wp:post_modified><![CDATA[2025-08-28 02:47:42]]></wp:post_modified>
        <wp:post_modified_gmt><![CDATA[2025-08-28 02:47:42]]></wp:post_modified_gmt>
        <wp:comment_status><![CDATA[closed]]></wp:comment_status>
        <wp:ping_status><![CDATA[closed]]></wp:ping_status>
        <wp:post_name><![CDATA[default-kit]]></wp:post_name>
        <wp:status><![CDATA[publish]]></wp:status>
        <wp:post_parent>0</wp:post_parent>
        <wp:menu_order>0</wp:menu_order>
        <wp:post_type><![CDATA[elementor_library]]></wp:post_type>
        <wp:post_password><![CDATA[]]></wp:post_password>
        <wp:is_sticky>0</wp:is_sticky>
        <category domain="elementor_library_type" nicename="kit"><![CDATA[kit]]></category>
        
        <wp:postmeta>
            <wp:meta_key><![CDATA[_elementor_edit_mode]]></wp:meta_key>
            <wp:meta_value><![CDATA[builder]]></wp:meta_value>
        </wp:postmeta>
        <wp:postmeta>
            <wp:meta_key><![CDATA[_elementor_template_type]]></wp:meta_key>
            <wp:meta_value><![CDATA[kit]]></wp:meta_value>
        </wp:postmeta>
        <wp:postmeta>
            <wp:meta_key><![CDATA[_elementor_version]]></wp:meta_key>
            <wp:meta_value><![CDATA[3.15.0]]></wp:meta_value>
        </wp:postmeta>
        <wp:postmeta>
            <wp:meta_key><![CDATA[_elementor_page_settings]]></wp:meta_key>
            <wp:meta_value><![CDATA[{"system_colors":[{"_id":"primary","title":"Primary","color":"#b68c2f"},{"_id":"secondary","title":"Secondary","color":"#232323"},{"_id":"text","title":"Text","color":"#7A7A7A"},{"_id":"accent","title":"Accent","color":"#61CE70"}],"custom_colors":[],"system_typography":[{"_id":"primary","title":"Primary","typography_typography":"custom"},{"_id":"secondary","title":"Secondary","typography_typography":"custom"},{"_id":"text","title":"Text","typography_typography":"custom"},{"_id":"accent","title":"Accent","typography_typography":"custom"}],"custom_typography":[],"default_generic_fonts":"Sans-serif","site_name":"Test Site","site_description":"Generated WordPress site","container_width":{"size":1140,"unit":"px"},"space_between_widgets":{"size":20,"unit":"px"}}]]></wp:meta_value>
        </wp:postmeta>
    </item>

    <item>
        <title>Test Page</title>
        <link>http://localhost:8082/page-101/</link>
        <pubDate>Thu, 28 Aug 2025 02:47:42 +0000</pubDate>
        <dc:creator><![CDATA[admin]]></dc:creator>
        <guid isPermaLink="false">http://localhost:8082/?page_id=101</guid>
        <description></description>
        <content:encoded><![CDATA[Test Content]]></content:encoded>
        <excerpt:encoded><![CDATA[]]></excerpt:encoded>
        <wp:post_id>101</wp:post_id>
        <wp:post_date><![CDATA[2025-08-28 02:47:42]]></wp:post_date>
        <wp:post_date_gmt><![CDATA[2025-08-28 02:47:42]]></wp:post_date_gmt>
        <wp:comment_status><![CDATA[closed]]></wp:comment_status>
        <wp:ping_status><![CDATA[closed]]></wp:ping_status>
        <wp:post_name><![CDATA[page-101]]></wp:post_name>
        <wp:status><![CDATA[publish]]></wp:status>
        <wp:post_parent>0</wp:post_parent>
        <wp:menu_order>0</wp:menu_order>
        <wp:post_type><![CDATA[page]]></wp:post_type>
        <wp:post_password><![CDATA[]]></wp:post_password>
        <wp:is_sticky>0</wp:is_sticky>
        
        <wp:postmeta>
            <wp:meta_key><![CDATA[_elementor_edit_mode]]></wp:meta_key>
            <wp:meta_value><![CDATA[builder]]></wp:meta_value>
        </wp:postmeta>
        <wp:postmeta>
            <wp:meta_key><![CDATA[_elementor_template_type]]></wp:meta_key>
            <wp:meta_value><![CDATA[post]]></wp:meta_value>
        </wp:postmeta>
        <wp:postmeta>
            <wp:meta_key><![CDATA[_elementor_version]]></wp:meta_key>
            <wp:meta_value><![CDATA[2.6.2]]></wp:meta_value>
        </wp:postmeta>
        <wp:postmeta>
            <wp:meta_key><![CDATA[_wp_page_template]]></wp:meta_key>
            <wp:meta_value><![CDATA[blank-builder.php]]></wp:meta_value>
        </wp:postmeta>
        <wp:postmeta>
            <wp:meta_key><![CDATA[_elementor_data]]></wp:meta_key>
            <wp:meta_value><![CDATA[[]]]></wp:meta_value>
        </wp:postmeta>
    </item>

</channel>
</rss>